<?xml version="1.0" encoding="UTF-8"?>
<robot generator="Robot 4.1.3 (Python 3.9.9 on win32)" generated="20220113 22:17:00.756" rpa="false" schemaversion="2">
<suite id="s1" name="Group Scenarois" source="D:\PycharmProjects\python_training\rf\group_scenarois.robot">
<kw name="Init Fixtures" type="SETUP">
<msg timestamp="20220113 22:17:00.798" level="FAIL">No keyword with name 'Init Fixtures' found.</msg>
<status status="FAIL" starttime="20220113 22:17:00.798" endtime="20220113 22:17:00.798"/>
</kw>
<test id="s1-t1" name="Add new group">
<status status="FAIL" starttime="20220113 22:17:00.799" endtime="20220113 22:17:00.799">Parent suite setup failed:
No keyword with name 'Init Fixtures' found.</status>
</test>
<kw name="Destroy Fixtures" type="TEARDOWN">
<msg timestamp="20220113 22:17:00.803" level="FAIL">No keyword with name 'Destroy Fixtures' found.</msg>
<status status="FAIL" starttime="20220113 22:17:00.803" endtime="20220113 22:17:00.803">No keyword with name 'Destroy Fixtures' found.</status>
</kw>
<status status="FAIL" starttime="20220113 22:17:00.758" endtime="20220113 22:17:00.803">Suite setup failed:
No keyword with name 'Init Fixtures' found.

Also suite teardown failed:
No keyword with name 'Destroy Fixtures' found.</status>
</suite>
<statistics>
<total>
<stat pass="0" fail="1" skip="0">All Tests</stat>
</total>
<tag>
</tag>
<suite>
<stat pass="0" fail="1" skip="0" id="s1" name="Group Scenarois">Group Scenarois</stat>
</suite>
</statistics>
<errors>
<msg timestamp="20220113 22:17:00.794" level="ERROR">Error in file 'D:\PycharmProjects\python_training\rf\group_scenarois.robot' on line 2: Importing library 'D:\PycharmProjects\python_training\rf\AddressBook.py' failed: ModuleNotFoundError: No module named 'model'
Traceback (most recent call last):
  File "D:\PycharmProjects\python_training\rf\AddressBook.py", line 3, in &lt;module&gt;
    from model.group import Group
PYTHONPATH:
  D:\PycharmProjects\python_training\env\Scripts\robot.exe
  D:\Python39\python39.zip
  D:\Python39\DLLs
  D:\Python39\lib
  D:\Python39
  d:\pycharmprojects\python_training\env
  d:\pycharmprojects\python_training\env\lib\site-packages</msg>
</errors>
</robot>
