<?xml version="1.0" encoding="UTF-8"?>
<robot generator="Robot 4.1.3 (Python 3.9.9 on win32)" generated="20220113 23:30:45.090" rpa="false" schemaversion="2">
<suite id="s1" name="Contact Scenarios" source="D:\PycharmProjects\python_training\rf\contact_scenarios.robot">
<kw name="Init Fixtures" library="rf.AddressBook" type="SETUP">
<status status="PASS" starttime="20220113 23:30:45.312" endtime="20220113 23:30:47.523"/>
</kw>
<test id="s1-t1" name="Add new contact">
<kw name="Get Contact List" library="rf.AddressBook">
<var>${old_list}</var>
<msg timestamp="20220113 23:30:47.527" level="INFO">${old_list} = [114: new_firstname1 new_lastname1]</msg>
<status status="PASS" starttime="20220113 23:30:47.524" endtime="20220113 23:30:47.527"/>
</kw>
<kw name="New Contact" library="rf.AddressBook">
<var>${contact}</var>
<arg>firstname1</arg>
<arg>lastname1</arg>
<msg timestamp="20220113 23:30:47.528" level="INFO">${contact} = None: firstname1 lastname1</msg>
<status status="PASS" starttime="20220113 23:30:47.528" endtime="20220113 23:30:47.528"/>
</kw>
<kw name="Create Contact" library="rf.AddressBook">
<arg>${contact}</arg>
<status status="PASS" starttime="20220113 23:30:47.529" endtime="20220113 23:30:48.719"/>
</kw>
<kw name="Get Contact List" library="rf.AddressBook">
<var>${new_list}</var>
<msg timestamp="20220113 23:30:48.722" level="INFO">${new_list} = [114: new_firstname1 new_lastname1, 116: firstname1 lastname1]</msg>
<status status="PASS" starttime="20220113 23:30:48.720" endtime="20220113 23:30:48.722"/>
</kw>
<kw name="Append To List" library="Collections">
<arg>${old_list}</arg>
<arg>${contact}</arg>
<doc>Adds ``values`` to the end of ``list``.</doc>
<status status="PASS" starttime="20220113 23:30:48.723" endtime="20220113 23:30:48.723"/>
</kw>
<kw name="Contact Lists Should Be Equal" library="rf.AddressBook">
<arg>${old_list}</arg>
<arg>${new_list}</arg>
<status status="PASS" starttime="20220113 23:30:48.724" endtime="20220113 23:30:48.725"/>
</kw>
<status status="PASS" starttime="20220113 23:30:47.523" endtime="20220113 23:30:48.727"/>
</test>
<test id="s1-t2" name="Delete group">
<kw name="Get Contact List" library="rf.AddressBook">
<var>${old_list}</var>
<msg timestamp="20220113 23:30:48.732" level="INFO">${old_list} = [114: new_firstname1 new_lastname1, 116: firstname1 lastname1]</msg>
<status status="PASS" starttime="20220113 23:30:48.731" endtime="20220113 23:30:48.732"/>
</kw>
<kw name="Give Random Contact From List" library="rf.AddressBook">
<var>${contact_for_del}</var>
<arg>${old_list}</arg>
<msg timestamp="20220113 23:30:48.734" level="INFO">${contact_for_del} = 114: new_firstname1 new_lastname1</msg>
<status status="PASS" starttime="20220113 23:30:48.733" endtime="20220113 23:30:48.734"/>
</kw>
<kw name="Delete Contact" library="rf.AddressBook">
<arg>${contact_for_del}</arg>
<status status="PASS" starttime="20220113 23:30:48.735" endtime="20220113 23:30:49.380"/>
</kw>
<kw name="Get Contact List" library="rf.AddressBook">
<var>${new_list}</var>
<msg timestamp="20220113 23:30:49.381" level="INFO">${new_list} = [116: firstname1 lastname1]</msg>
<status status="PASS" starttime="20220113 23:30:49.380" endtime="20220113 23:30:49.381"/>
</kw>
<kw name="Remove Values From List" library="Collections">
<arg>${old_list}</arg>
<arg>${contact_for_del}</arg>
<doc>Removes all occurrences of given ``values`` from ``list``.</doc>
<status status="PASS" starttime="20220113 23:30:49.382" endtime="20220113 23:30:49.382"/>
</kw>
<kw name="Contact Lists Should Be Equal" library="rf.AddressBook">
<arg>${old_list}</arg>
<arg>${new_list}</arg>
<status status="PASS" starttime="20220113 23:30:49.383" endtime="20220113 23:30:49.384"/>
</kw>
<status status="PASS" starttime="20220113 23:30:48.730" endtime="20220113 23:30:49.384"/>
</test>
<test id="s1-t3" name="Modify group">
<kw name="Get Contact List" library="rf.AddressBook">
<var>${old_list}</var>
<msg timestamp="20220113 23:30:49.388" level="INFO">${old_list} = [116: firstname1 lastname1]</msg>
<status status="PASS" starttime="20220113 23:30:49.388" endtime="20220113 23:30:49.389"/>
</kw>
<kw name="Give Random Contact From List" library="rf.AddressBook">
<var>${contact_for_modify}</var>
<arg>${old_list}</arg>
<msg timestamp="20220113 23:30:49.391" level="INFO">${contact_for_modify} = 116: firstname1 lastname1</msg>
<status status="PASS" starttime="20220113 23:30:49.389" endtime="20220113 23:30:49.391"/>
</kw>
<kw name="New Contact" library="rf.AddressBook">
<var>${new_contact}</var>
<arg>new_firstname1</arg>
<arg>new_lastname1</arg>
<msg timestamp="20220113 23:30:49.394" level="INFO">${new_contact} = None: new_firstname1 new_lastname1</msg>
<status status="PASS" starttime="20220113 23:30:49.392" endtime="20220113 23:30:49.394"/>
</kw>
<kw name="Modify Contact" library="rf.AddressBook">
<arg>${contact_for_modify}</arg>
<arg>${new_contact}</arg>
<msg timestamp="20220113 23:30:50.552" level="INFO">d:\pycharmprojects\python_training\env\lib\site-packages\selenium\webdriver\remote\webelement.py:226: UserWarning: find_element_by_* commands are deprecated. Please use find_element() instead
  warnings.warn("find_element_by_* commands are deprecated. Please use find_element() instead")
d:\pycharmprojects\python_training\env\lib\site-packages\selenium\webdriver\remote\webelement.py:483: UserWarning: find_element_by_* commands are deprecated. Please use find_element() instead
  warnings.warn("find_element_by_* commands are deprecated. Please use find_element() instead")</msg>
<status status="PASS" starttime="20220113 23:30:49.395" endtime="20220113 23:30:50.555"/>
</kw>
<kw name="Get Contact List" library="rf.AddressBook">
<var>${new_list}</var>
<msg timestamp="20220113 23:30:50.561" level="INFO">${new_list} = [116: new_firstname1 new_lastname1]</msg>
<status status="PASS" starttime="20220113 23:30:50.560" endtime="20220113 23:30:50.561"/>
</kw>
<kw name="Replace Old Contact To New Contact" library="rf.AddressBook">
<arg>${old_list}</arg>
<arg>${contact_for_modify}</arg>
<arg>${new_contact}</arg>
<status status="PASS" starttime="20220113 23:30:50.562" endtime="20220113 23:30:50.562"/>
</kw>
<kw name="Contact Lists Should Be Equal" library="rf.AddressBook">
<arg>${old_list}</arg>
<arg>${new_list}</arg>
<status status="PASS" starttime="20220113 23:30:50.563" endtime="20220113 23:30:50.563"/>
</kw>
<status status="PASS" starttime="20220113 23:30:49.387" endtime="20220113 23:30:50.564"/>
</test>
<kw name="Destroy Fixtures" library="rf.AddressBook" type="TEARDOWN">
<status status="PASS" starttime="20220113 23:30:50.566" endtime="20220113 23:30:52.743"/>
</kw>
<status status="PASS" starttime="20220113 23:30:45.092" endtime="20220113 23:30:52.743"/>
</suite>
<statistics>
<total>
<stat pass="3" fail="0" skip="0">All Tests</stat>
</total>
<tag>
</tag>
<suite>
<stat pass="3" fail="0" skip="0" id="s1" name="Contact Scenarios">Contact Scenarios</stat>
</suite>
</statistics>
<errors>
</errors>
</robot>
